#
# A fatal error has been detected by the Java Runtime Environment:
#
#  EXCEPTION_ACCESS_VIOLATION (0xc0000005) at pc=0x00007ffa09a01643, pid=19920, tid=11424
#
# JRE version: OpenJDK Runtime Environment (21.0.6) (build 21.0.6+-13391695-b895.109)
# Java VM: OpenJDK 64-Bit Server VM (21.0.6+-13391695-b895.109, mixed mode, tiered, compressed oops, compressed class ptrs, g1 gc, windows-amd64)
# Problematic frame:
# C  [nvoglv64.dll+0xb01643]
#
# No core dump will be written. Minidumps are not enabled by default on client versions of Windows
#
# If you would like to submit a bug report, please visit:
#   https://youtrack.jetbrains.com/issues/JBR
# The crash happened outside the Java Virtual Machine in native code.
# See problematic frame for where to report the bug.
#

---------------  S U M M A R Y ------------

Command Line: -Dskiko.renderApi=OPENGL -Dcompose.reload.orchestration.port=58212 -Dcompose.reload.pidFile=C:\Users\Michal\AndroidStudioProjects\MathTools\composeApp\build\run\jvmMain\jvmMain.pid -Dcompose.reload.argfile=C:\Users\Michal\AndroidStudioProjects\MathTools\composeApp\build\run\jvmMain\jvmMain.argfile -Dcompose.reload.mainClass=pl.michal_cyran.math_tools.MainKt -Dcompose.reload.buildSystem=Gradle -Dorg.gradle.java.home=C:\Program Files\Android\Android Studio\jbr -Dgradle.build.root=C:\Users\Michal\AndroidStudioProjects\MathTools -Dgradle.build.project=:composeApp -Dgradle.build.task=hotReloadJvmMain -Dcompose.reload.build.continuous=true -Dcompose.reload.devToolsEnabled=true -Dcompose.reload.devToolsHeadless=false -Dcompose.reload.devToolsTransparencyEnabled=true -Dcompose.reload.devToolsDetached=false -Dcompose.reload.parentPid=7780 -Dcompose.reload.launchMode=GradleBlocking -Dcompose.reload.logLevel=Info -Dcompose.reload.logStdout=false -Dcompose.reload.resourcesDirtyResolverEnabled=false org.jetbrains.compose.devtools.Main

Host: 12th Gen Intel(R) Core(TM) i5-12400F, 12 cores, 31G,  Windows 11 , 64 bit Build 26100 (10.0.26100.4484)
Time: Fri Aug  1 16:05:42 2025  Windows 11 , 64 bit Build 26100 (10.0.26100.4484) elapsed time: 180.639472 seconds (0d 0h 3m 0s)

---------------  T H R E A D  ---------------

Current thread (0x0000024e9302f010):  JavaThread "AWT-EventQueue-0"        [_thread_in_native, id=11424, stack(0x0000007b3a000000,0x0000007b3a100000) (1024K)]

Stack: [0x0000007b3a000000,0x0000007b3a100000],  sp=0x0000007b3a0fc488,  free space=1009k
Native frames: (J=compiled Java code, j=interpreted, Vv=VM code, C=native code)
C  [nvoglv64.dll+0xb01643]
